0    [main] INFO  nlp.annotator.pipeline.Pipeline  - Pipeline Initializing.
6653 [main] INFO  nlp.annotator.pipeline.Pipeline  - Pipeline Initialized.
8235 [main] INFO  nlp.annotator.pipeline.AnnotateAutomator  - Start to annotate.
8235 [main] INFO  nlp.annotator.pipeline.AnnotateAutomator  - Work in Corpus level.
8235 [main] INFO  nlp.annotator.pipeline.Pipeline  - Pipeline Annotating:./data/ACE/bc/1/CNN_CF_20030303.1900.00.sgm
14129 [main] INFO  nlp.annotator.pipeline.Pipeline  - Pipeline Annotated:./data/ACE/bc/1/CNN_CF_20030303.1900.00.sgm
14129 [main] INFO  nlp.annotator.pipeline.Pipeline  - Pipeline Annotating:./data/ACE/bc/1/CNN_CF_20030303.1900.02.sgm
17689 [main] INFO  nlp.annotator.pipeline.Pipeline  - Pipeline Annotated:./data/ACE/bc/1/CNN_CF_20030303.1900.02.sgm
17689 [main] INFO  nlp.annotator.pipeline.Pipeline  - Pipeline Annotating:./data/ACE/bc/CNN_CF_20030303.1900.00.sgm
22200 [main] INFO  nlp.annotator.pipeline.Pipeline  - Pipeline Annotated:./data/ACE/bc/CNN_CF_20030303.1900.00.sgm
22200 [main] INFO  nlp.annotator.pipeline.Pipeline  - Pipeline Annotating:./data/ACE/bc/CNN_CF_20030303.1900.02.sgm
25397 [main] INFO  nlp.annotator.pipeline.Pipeline  - Pipeline Annotated:./data/ACE/bc/CNN_CF_20030303.1900.02.sgm
25398 [main] INFO  nlp.annotator.pipeline.Pipeline  - Pipeline Annotating:./data/ACE/bc/CNN_CF_20030303.1900.05.sgm
30180 [main] INFO  nlp.annotator.pipeline.Pipeline  - Pipeline Annotated:./data/ACE/bc/CNN_CF_20030303.1900.05.sgm
30180 [main] INFO  nlp.annotator.pipeline.Pipeline  - Pipeline Annotating:./data/ACE/bc/CNN_CF_20030303.1900.06-1.sgm
30858 [main] INFO  nlp.annotator.pipeline.Pipeline  - Pipeline Annotated:./data/ACE/bc/CNN_CF_20030303.1900.06-1.sgm
30858 [main] INFO  nlp.annotator.pipeline.Pipeline  - Pipeline Annotating:./data/ACE/bc/CNN_CF_20030303.1900.06-2.sgm
31434 [main] INFO  nlp.annotator.pipeline.Pipeline  - Pipeline Annotated:./data/ACE/bc/CNN_CF_20030303.1900.06-2.sgm
31434 [main] INFO  nlp.annotator.pipeline.Pipeline  - Pipeline Annotating:./data/ACE/bc/CNN_CF_20030304.1900.01.sgm
37384 [main] INFO  nlp.annotator.pipeline.Pipeline  - Pipeline Annotated:./data/ACE/bc/CNN_CF_20030304.1900.01.sgm
37384 [main] INFO  nlp.annotator.pipeline.Pipeline  - Pipeline Annotating:./data/ACE/bc/CNN_CF_20030304.1900.02.sgm
41922 [main] INFO  nlp.annotator.pipeline.Pipeline  - Pipeline Annotated:./data/ACE/bc/CNN_CF_20030304.1900.02.sgm
41923 [main] INFO  nlp.annotator.pipeline.Pipeline  - Pipeline Annotating:./data/ACE/bc/CNN_CF_20030304.1900.04.sgm
45523 [main] INFO  nlp.annotator.pipeline.Pipeline  - Pipeline Annotated:./data/ACE/bc/CNN_CF_20030304.1900.04.sgm
45523 [main] INFO  nlp.annotator.pipeline.Pipeline  - Pipeline Annotating:./data/ACE/bc/CNN_CF_20030304.1900.06-2.sgm
46535 [main] INFO  nlp.annotator.pipeline.Pipeline  - Pipeline Annotated:./data/ACE/bc/CNN_CF_20030304.1900.06-2.sgm
46535 [main] INFO  nlp.annotator.pipeline.Pipeline  - Pipeline Annotating:./data/ACE/bc/CNN_CF_20030305.1900.00-1.sgm
48656 [main] INFO  nlp.annotator.pipeline.Pipeline  - Pipeline Annotated:./data/ACE/bc/CNN_CF_20030305.1900.00-1.sgm
48656 [main] INFO  nlp.annotator.pipeline.Pipeline  - Pipeline Annotating:./data/ACE/bc/CNN_CF_20030305.1900.00-2.sgm
51963 [main] INFO  nlp.annotator.pipeline.Pipeline  - Pipeline Annotated:./data/ACE/bc/CNN_CF_20030305.1900.00-2.sgm
51963 [main] INFO  nlp.annotator.pipeline.Pipeline  - Pipeline Annotating:./data/ACE/bc/CNN_CF_20030305.1900.00-3.sgm
53125 [main] INFO  nlp.annotator.pipeline.Pipeline  - Pipeline Annotated:./data/ACE/bc/CNN_CF_20030305.1900.00-3.sgm
53125 [main] INFO  nlp.annotator.pipeline.Pipeline  - Pipeline Annotating:./data/ACE/bc/CNN_CF_20030305.1900.02.sgm
56047 [main] INFO  nlp.annotator.pipeline.Pipeline  - Pipeline Annotated:./data/ACE/bc/CNN_CF_20030305.1900.02.sgm
56047 [main] INFO  nlp.annotator.pipeline.Pipeline  - Pipeline Annotating:./data/ACE/bc/CNN_CF_20030305.1900.06-1.sgm
57135 [main] INFO  nlp.annotator.pipeline.Pipeline  - Pipeline Annotated:./data/ACE/bc/CNN_CF_20030305.1900.06-1.sgm
57135 [main] INFO  nlp.annotator.pipeline.Pipeline  - Pipeline Annotating:./data/ACE/bc/CNN_CF_20030305.1900.06-2.sgm
58109 [main] INFO  nlp.annotator.pipeline.Pipeline  - Pipeline Annotated:./data/ACE/bc/CNN_CF_20030305.1900.06-2.sgm
58109 [main] INFO  nlp.annotator.pipeline.Pipeline  - Pipeline Annotating:./data/ACE/bc/CNN_IP_20030328.1600.07.sgm
60232 [main] INFO  nlp.annotator.pipeline.Pipeline  - Pipeline Annotated:./data/ACE/bc/CNN_IP_20030328.1600.07.sgm
60232 [main] INFO  nlp.annotator.pipeline.Pipeline  - Pipeline Annotating:./data/ACE/bc/CNN_IP_20030329.1600.00-2.sgm
65032 [main] INFO  nlp.annotator.pipeline.Pipeline  - Pipeline Annotated:./data/ACE/bc/CNN_IP_20030329.1600.00-2.sgm
65032 [main] INFO  nlp.annotator.pipeline.Pipeline  - Pipeline Annotating:./data/ACE/bc/CNN_IP_20030329.1600.00-3.sgm
67879 [main] INFO  nlp.annotator.pipeline.Pipeline  - Pipeline Annotated:./data/ACE/bc/CNN_IP_20030329.1600.00-3.sgm
67879 [main] INFO  nlp.annotator.pipeline.Pipeline  - Pipeline Annotating:./data/ACE/bc/CNN_IP_20030329.1600.00-4.sgm
71319 [main] INFO  nlp.annotator.pipeline.Pipeline  - Pipeline Annotated:./data/ACE/bc/CNN_IP_20030329.1600.00-4.sgm
71319 [main] INFO  nlp.annotator.pipeline.Pipeline  - Pipeline Annotating:./data/ACE/bc/CNN_IP_20030329.1600.00-5.sgm
73412 [main] INFO  nlp.annotator.pipeline.Pipeline  - Pipeline Annotated:./data/ACE/bc/CNN_IP_20030329.1600.00-5.sgm
73412 [main] INFO  nlp.annotator.pipeline.Pipeline  - Pipeline Annotating:./data/ACE/bc/CNN_IP_20030329.1600.00-6.sgm
77478 [main] INFO  nlp.annotator.pipeline.Pipeline  - Pipeline Annotated:./data/ACE/bc/CNN_IP_20030329.1600.00-6.sgm
77478 [main] INFO  nlp.annotator.pipeline.Pipeline  - Pipeline Annotating:./data/ACE/bc/CNN_IP_20030329.1600.01-1.sgm
80296 [main] INFO  nlp.annotator.pipeline.Pipeline  - Pipeline Annotated:./data/ACE/bc/CNN_IP_20030329.1600.01-1.sgm
80296 [main] INFO  nlp.annotator.pipeline.Pipeline  - Pipeline Annotating:./data/ACE/bc/CNN_IP_20030329.1600.01-3.sgm
83212 [main] INFO  nlp.annotator.pipeline.Pipeline  - Pipeline Annotated:./data/ACE/bc/CNN_IP_20030329.1600.01-3.sgm
83212 [main] INFO  nlp.annotator.pipeline.Pipeline  - Pipeline Annotating:./data/ACE/bc/CNN_IP_20030329.1600.02.sgm
86004 [main] INFO  nlp.annotator.pipeline.Pipeline  - Pipeline Annotated:./data/ACE/bc/CNN_IP_20030329.1600.02.sgm
86004 [main] INFO  nlp.annotator.pipeline.Pipeline  - Pipeline Annotating:./data/ACE/bc/CNN_IP_20030330.1600.05-2.sgm
88365 [main] INFO  nlp.annotator.pipeline.Pipeline  - Pipeline Annotated:./data/ACE/bc/CNN_IP_20030330.1600.05-2.sgm
88365 [main] INFO  nlp.annotator.pipeline.Pipeline  - Pipeline Annotating:./data/ACE/bc/CNN_IP_20030330.1600.06.sgm
89573 [main] INFO  nlp.annotator.pipeline.Pipeline  - Pipeline Annotated:./data/ACE/bc/CNN_IP_20030330.1600.06.sgm
89573 [main] INFO  nlp.annotator.pipeline.Pipeline  - Pipeline Annotating:./data/ACE/bc/CNN_IP_20030402.1600.00-1.sgm
91823 [main] INFO  nlp.annotator.pipeline.Pipeline  - Pipeline Annotated:./data/ACE/bc/CNN_IP_20030402.1600.00-1.sgm
91823 [main] INFO  nlp.annotator.pipeline.Pipeline  - Pipeline Annotating:./data/ACE/bc/CNN_IP_20030402.1600.00-2.sgm
96003 [main] INFO  nlp.annotator.pipeline.Pipeline  - Pipeline Annotated:./data/ACE/bc/CNN_IP_20030402.1600.00-2.sgm
96004 [main] INFO  nlp.annotator.pipeline.Pipeline  - Pipeline Annotating:./data/ACE/bc/CNN_IP_20030402.1600.00-3.sgm
97238 [main] INFO  nlp.annotator.pipeline.Pipeline  - Pipeline Annotated:./data/ACE/bc/CNN_IP_20030402.1600.00-3.sgm
97238 [main] INFO  nlp.annotator.pipeline.Pipeline  - Pipeline Annotating:./data/ACE/bc/CNN_IP_20030402.1600.00-4.sgm
101483 [main] INFO  nlp.annotator.pipeline.Pipeline  - Pipeline Annotated:./data/ACE/bc/CNN_IP_20030402.1600.00-4.sgm
101483 [main] INFO  nlp.annotator.pipeline.Pipeline  - Pipeline Annotating:./data/ACE/bc/CNN_IP_20030402.1600.02-1.sgm
103131 [main] INFO  nlp.annotator.pipeline.Pipeline  - Pipeline Annotated:./data/ACE/bc/CNN_IP_20030402.1600.02-1.sgm
103131 [main] INFO  nlp.annotator.pipeline.Pipeline  - Pipeline Annotating:./data/ACE/bc/CNN_IP_20030402.1600.02-2.sgm
106004 [main] INFO  nlp.annotator.pipeline.Pipeline  - Pipeline Annotated:./data/ACE/bc/CNN_IP_20030402.1600.02-2.sgm
106004 [main] INFO  nlp.annotator.pipeline.Pipeline  - Pipeline Annotating:./data/ACE/bc/CNN_IP_20030403.1600.00-1.sgm
108164 [main] INFO  nlp.annotator.pipeline.Pipeline  - Pipeline Annotated:./data/ACE/bc/CNN_IP_20030403.1600.00-1.sgm
108164 [main] INFO  nlp.annotator.pipeline.Pipeline  - Pipeline Annotating:./data/ACE/bc/CNN_IP_20030403.1600.00-2.sgm
110706 [main] INFO  nlp.annotator.pipeline.Pipeline  - Pipeline Annotated:./data/ACE/bc/CNN_IP_20030403.1600.00-2.sgm
110706 [main] INFO  nlp.annotator.pipeline.Pipeline  - Pipeline Annotating:./data/ACE/bc/CNN_IP_20030403.1600.00-3.sgm
113416 [main] INFO  nlp.annotator.pipeline.Pipeline  - Pipeline Annotated:./data/ACE/bc/CNN_IP_20030403.1600.00-3.sgm
113416 [main] INFO  nlp.annotator.pipeline.Pipeline  - Pipeline Annotating:./data/ACE/bc/CNN_IP_20030403.1600.00-4.sgm
116097 [main] INFO  nlp.annotator.pipeline.Pipeline  - Pipeline Annotated:./data/ACE/bc/CNN_IP_20030403.1600.00-4.sgm
116097 [main] INFO  nlp.annotator.pipeline.Pipeline  - Pipeline Annotating:./data/ACE/bc/CNN_IP_20030404.1600.00-1.sgm
117948 [main] INFO  nlp.annotator.pipeline.Pipeline  - Pipeline Annotated:./data/ACE/bc/CNN_IP_20030404.1600.00-1.sgm
117948 [main] INFO  nlp.annotator.pipeline.Pipeline  - Pipeline Annotating:./data/ACE/bc/CNN_IP_20030404.1600.00-2.sgm
120766 [main] INFO  nlp.annotator.pipeline.Pipeline  - Pipeline Annotated:./data/ACE/bc/CNN_IP_20030404.1600.00-2.sgm
120766 [main] INFO  nlp.annotator.pipeline.Pipeline  - Pipeline Annotating:./data/ACE/bc/CNN_IP_20030405.1600.00-2.sgm
127485 [main] INFO  nlp.annotator.pipeline.Pipeline  - Pipeline Annotated:./data/ACE/bc/CNN_IP_20030405.1600.00-2.sgm
127485 [main] INFO  nlp.annotator.pipeline.Pipeline  - Pipeline Annotating:./data/ACE/bc/CNN_IP_20030405.1600.00-3.sgm
128828 [main] INFO  nlp.annotator.pipeline.Pipeline  - Pipeline Annotated:./data/ACE/bc/CNN_IP_20030405.1600.00-3.sgm
128828 [main] INFO  nlp.annotator.pipeline.Pipeline  - Pipeline Annotating:./data/ACE/bc/CNN_IP_20030405.1600.01-1.sgm
129709 [main] INFO  nlp.annotator.pipeline.Pipeline  - Pipeline Annotated:./data/ACE/bc/CNN_IP_20030405.1600.01-1.sgm
129709 [main] INFO  nlp.annotator.pipeline.Pipeline  - Pipeline Annotating:./data/ACE/bc/CNN_IP_20030405.1600.01-2.sgm
135054 [main] INFO  nlp.annotator.pipeline.Pipeline  - Pipeline Annotated:./data/ACE/bc/CNN_IP_20030405.1600.01-2.sgm
135054 [main] INFO  nlp.annotator.pipeline.Pipeline  - Pipeline Annotating:./data/ACE/bc/CNN_IP_20030405.1600.01-3.sgm
135854 [main] INFO  nlp.annotator.pipeline.Pipeline  - Pipeline Annotated:./data/ACE/bc/CNN_IP_20030405.1600.01-3.sgm
135854 [main] INFO  nlp.annotator.pipeline.Pipeline  - Pipeline Annotating:./data/ACE/bc/CNN_IP_20030405.1600.02.sgm
139080 [main] INFO  nlp.annotator.pipeline.Pipeline  - Pipeline Annotated:./data/ACE/bc/CNN_IP_20030405.1600.02.sgm
139080 [main] INFO  nlp.annotator.pipeline.Pipeline  - Pipeline Annotating:./data/ACE/bc/CNN_IP_20030406.1600.03.sgm
140353 [main] INFO  nlp.annotator.pipeline.Pipeline  - Pipeline Annotated:./data/ACE/bc/CNN_IP_20030406.1600.03.sgm
140353 [main] INFO  nlp.annotator.pipeline.Pipeline  - Pipeline Annotating:./data/ACE/bc/CNN_IP_20030407.1600.05.sgm
142370 [main] INFO  nlp.annotator.pipeline.Pipeline  - Pipeline Annotated:./data/ACE/bc/CNN_IP_20030407.1600.05.sgm
142370 [main] INFO  nlp.annotator.pipeline.Pipeline  - Pipeline Annotating:./data/ACE/bc/CNN_IP_20030408.1600.03.sgm
145458 [main] INFO  nlp.annotator.pipeline.Pipeline  - Pipeline Annotated:./data/ACE/bc/CNN_IP_20030408.1600.03.sgm
145458 [main] INFO  nlp.annotator.pipeline.Pipeline  - Pipeline Annotating:./data/ACE/bc/CNN_IP_20030408.1600.04.sgm
150230 [main] INFO  nlp.annotator.pipeline.Pipeline  - Pipeline Annotated:./data/ACE/bc/CNN_IP_20030408.1600.04.sgm
150230 [main] INFO  nlp.annotator.pipeline.Pipeline  - Pipeline Annotating:./data/ACE/bc/CNN_IP_20030409.1600.02.sgm
155551 [main] INFO  nlp.annotator.pipeline.Pipeline  - Pipeline Annotated:./data/ACE/bc/CNN_IP_20030409.1600.02.sgm
155551 [main] INFO  nlp.annotator.pipeline.Pipeline  - Pipeline Annotating:./data/ACE/bc/CNN_IP_20030409.1600.04.sgm
157365 [main] INFO  nlp.annotator.pipeline.Pipeline  - Pipeline Annotated:./data/ACE/bc/CNN_IP_20030409.1600.04.sgm
157365 [main] INFO  nlp.annotator.pipeline.Pipeline  - Pipeline Annotating:./data/ACE/bc/CNN_IP_20030410.1600.03-1.sgm
158920 [main] INFO  nlp.annotator.pipeline.Pipeline  - Pipeline Annotated:./data/ACE/bc/CNN_IP_20030410.1600.03-1.sgm
158920 [main] INFO  nlp.annotator.pipeline.Pipeline  - Pipeline Annotating:./data/ACE/bc/CNN_IP_20030410.1600.03-2.sgm
161281 [main] INFO  nlp.annotator.pipeline.Pipeline  - Pipeline Annotated:./data/ACE/bc/CNN_IP_20030410.1600.03-2.sgm
161281 [main] INFO  nlp.annotator.pipeline.Pipeline  - Pipeline Annotating:./data/ACE/bc/CNN_IP_20030412.1600.03.sgm
163549 [main] INFO  nlp.annotator.pipeline.Pipeline  - Pipeline Annotated:./data/ACE/bc/CNN_IP_20030412.1600.03.sgm
163549 [main] INFO  nlp.annotator.pipeline.Pipeline  - Pipeline Annotating:./data/ACE/bc/CNN_IP_20030412.1600.05.sgm
164530 [main] INFO  nlp.annotator.pipeline.Pipeline  - Pipeline Annotated:./data/ACE/bc/CNN_IP_20030412.1600.05.sgm
164530 [main] INFO  nlp.annotator.pipeline.Pipeline  - Pipeline Annotating:./data/ACE/bc/CNN_IP_20030414.1600.04.sgm
166201 [main] INFO  nlp.annotator.pipeline.Pipeline  - Pipeline Annotated:./data/ACE/bc/CNN_IP_20030414.1600.04.sgm
166201 [main] INFO  nlp.annotator.pipeline.Pipeline  - Pipeline Annotating:./data/ACE/bc/CNN_IP_20030417.1600.06.sgm
166522 [main] INFO  nlp.annotator.pipeline.Pipeline  - Pipeline Annotated:./data/ACE/bc/CNN_IP_20030417.1600.06.sgm
166522 [main] INFO  nlp.annotator.pipeline.Pipeline  - Pipeline Annotating:./data/ACE/bc/CNN_IP_20030422.1600.05.sgm
167061 [main] INFO  nlp.annotator.pipeline.Pipeline  - Pipeline Annotated:./data/ACE/bc/CNN_IP_20030422.1600.05.sgm
167061 [main] INFO  nlp.annotator.pipeline.Pipeline  - Pipeline Annotating:./data/ACE/bc/CNN_LE_20030504.1200.01.sgm
172097 [main] INFO  nlp.annotator.pipeline.Pipeline  - Pipeline Annotated:./data/ACE/bc/CNN_LE_20030504.1200.01.sgm
172097 [main] INFO  nlp.annotator.pipeline.Pipeline  - Pipeline Annotating:./data/ACE/bc/CNN_LE_20030504.1200.02-1.sgm
175843 [main] INFO  nlp.annotator.pipeline.Pipeline  - Pipeline Annotated:./data/ACE/bc/CNN_LE_20030504.1200.02-1.sgm
175843 [main] INFO  nlp.annotator.pipeline.Pipeline  - Pipeline Annotating:./data/ACE/bc/CNN_LE_20030504.1200.02-2.sgm
178188 [main] INFO  nlp.annotator.pipeline.Pipeline  - Pipeline Annotated:./data/ACE/bc/CNN_LE_20030504.1200.02-2.sgm
178188 [main] INFO  nlp.annotator.pipeline.AnnotateAutomator  - Annotate Finished.
181559 [main] INFO  nlp.annotator.pipeline.AnnotateAutomator  - Start to annotate.
181559 [main] INFO  nlp.annotator.pipeline.AnnotateAutomator  - Work in Corpus level.
181559 [main] INFO  nlp.annotator.pipeline.Pipeline  - Pipeline Annotating:./data/ACE/bc/1/CNN_CF_20030303.1900.00.sgm
186184 [main] INFO  nlp.annotator.pipeline.Pipeline  - Pipeline Annotated:./data/ACE/bc/1/CNN_CF_20030303.1900.00.sgm
186184 [main] INFO  nlp.annotator.pipeline.Pipeline  - Pipeline Annotating:./data/ACE/bc/1/CNN_CF_20030303.1900.02.sgm
189361 [main] INFO  nlp.annotator.pipeline.Pipeline  - Pipeline Annotated:./data/ACE/bc/1/CNN_CF_20030303.1900.02.sgm
189361 [main] INFO  nlp.annotator.pipeline.AnnotateAutomator  - Annotate Finished.
